<?xml version="1.0" encoding="UTF-8"?>
<testng-results ignored="0" total="2" passed="2" failed="0" skipped="0">
  <reporter-output>
  </reporter-output>
  <suite started-at="2023-05-17T15:51:38 IST" name="Default suite" finished-at="2023-05-17T15:53:01 IST" duration-ms="83199">
    <groups>
    </groups>
    <test started-at="2023-05-17T15:51:38 IST" name="Default test" finished-at="2023-05-17T15:53:01 IST" duration-ms="83199">
      <class name="TestNG.Dpc">
        <test-method signature="Login()[pri:0, instance:TestNG.Dpc@483f6d77]" started-at="2023-05-17T15:51:38 IST" name="Login" finished-at="2023-05-17T15:52:23 IST" duration-ms="45781" status="PASS">
          <reporter-output>
          </reporter-output>
        </test-method> <!-- Login -->
        <test-method signature="Logout()[pri:0, instance:TestNG.Dpc@483f6d77]" started-at="2023-05-17T15:52:23 IST" name="Logout" finished-at="2023-05-17T15:53:01 IST" duration-ms="37349" status="PASS">
          <reporter-output>
          </reporter-output>
        </test-method> <!-- Logout -->
      </class> <!-- TestNG.Dpc -->
    </test> <!-- Default test -->
  </suite> <!-- Default suite -->
</testng-results>
